TN:
SF:src\backend\db.js
FNF:0
FNH:0
DA:3,2
DA:5,2
LF:2
LH:2
BRF:0
BRH:0
end_of_record
TN:
SF:src\backend\server.js
FN:17,createUser
FN:32,(anonymous_1)
FN:82,(anonymous_2)
FN:100,(anonymous_3)
FN:142,(anonymous_4)
FN:167,(anonymous_5)
FN:196,(anonymous_6)
FN:222,(anonymous_7)
FN:240,(anonymous_8)
FN:268,(anonymous_9)
FN:297,(anonymous_10)
FN:320,(anonymous_11)
FN:344,(anonymous_12)
FN:387,(anonymous_13)
FN:412,(anonymous_14)
FN:453,(anonymous_15)
FN:481,(anonymous_16)
FNF:17
FNH:14
FNDA:23,createUser
FNDA:10,(anonymous_1)
FNDA:1,(anonymous_2)
FNDA:13,(anonymous_3)
FNDA:2,(anonymous_4)
FNDA:15,(anonymous_5)
FNDA:2,(anonymous_6)
FNDA:0,(anonymous_7)
FNDA:0,(anonymous_8)
FNDA:3,(anonymous_9)
FNDA:8,(anonymous_10)
FNDA:2,(anonymous_11)
FNDA:5,(anonymous_12)
FNDA:2,(anonymous_13)
FNDA:2,(anonymous_14)
FNDA:4,(anonymous_15)
FNDA:0,(anonymous_16)
DA:8,2
DA:10,2
DA:11,2
DA:18,23
DA:20,23
DA:25,23
DA:32,2
DA:33,10
DA:34,10
DA:37,10
DA:38,10
DA:40,10
DA:41,0
DA:44,10
DA:45,10
DA:47,10
DA:49,10
DA:51,10
DA:56,10
DA:57,10
DA:59,10
DA:62,0
DA:63,0
DA:66,0
DA:67,0
DA:70,0
DA:71,0
DA:74,10
DA:82,2
DA:83,1
DA:84,1
DA:88,1
DA:91,0
DA:92,0
DA:100,2
DA:101,13
DA:102,13
DA:104,13
DA:105,13
DA:107,13
DA:108,13
DA:110,13
DA:112,13
DA:117,13
DA:118,13
DA:120,13
DA:123,0
DA:124,0
DA:127,0
DA:128,0
DA:131,0
DA:132,0
DA:135,13
DA:142,2
DA:143,2
DA:144,2
DA:146,2
DA:147,1
DA:150,1
DA:155,1
DA:158,0
DA:159,0
DA:167,2
DA:168,15
DA:170,15
DA:171,15
DA:173,15
DA:174,1
DA:177,14
DA:182,14
DA:185,0
DA:186,0
DA:188,15
DA:196,2
DA:197,2
DA:198,2
DA:200,2
DA:206,2
DA:207,1
DA:210,1
DA:213,0
DA:214,0
DA:222,2
DA:223,0
DA:224,0
DA:228,0
DA:231,0
DA:232,0
DA:240,2
DA:241,0
DA:242,0
DA:248,0
DA:249,0
DA:252,0
DA:255,0
DA:256,0
DA:268,2
DA:269,3
DA:270,3
DA:272,3
DA:274,3
DA:277,3
DA:278,1
DA:281,3
DA:283,3
DA:285,3
DA:288,0
DA:289,0
DA:297,2
DA:298,8
DA:299,8
DA:305,8
DA:306,1
DA:309,7
DA:312,0
DA:313,0
DA:320,2
DA:321,2
DA:322,2
DA:328,2
DA:329,1
DA:332,1
DA:335,0
DA:336,0
DA:344,2
DA:345,5
DA:346,5
DA:347,5
DA:350,5
DA:356,5
DA:357,1
DA:361,4
DA:362,1
DA:366,3
DA:371,3
DA:374,0
DA:375,0
DA:378,0
DA:379,0
DA:387,2
DA:388,2
DA:389,2
DA:391,2
DA:397,2
DA:398,1
DA:401,1
DA:404,0
DA:405,0
DA:412,2
DA:413,2
DA:414,2
DA:416,2
DA:421,2
DA:422,1
DA:424,1
DA:425,1
DA:426,1
DA:434,1
DA:446,0
DA:447,0
DA:453,2
DA:454,4
DA:455,4
DA:458,4
DA:463,4
DA:464,0
DA:467,4
DA:469,4
DA:471,4
DA:472,4
DA:473,4
DA:476,0
DA:477,0
DA:481,2
DA:482,0
DA:483,0
DA:484,0
DA:485,0
DA:489,0
DA:490,0
DA:491,0
DA:497,0
DA:498,0
DA:502,0
DA:503,0
DA:504,0
DA:506,0
DA:508,0
DA:512,0
DA:513,0
LF:190
LH:124
BRDA:40,0,0,0
BRDA:40,0,1,10
BRDA:40,1,0,10
BRDA:40,1,1,10
BRDA:40,1,2,10
BRDA:40,1,3,10
BRDA:40,1,4,10
BRDA:62,2,0,0
BRDA:62,2,1,0
BRDA:66,3,0,0
BRDA:66,3,1,0
BRDA:123,4,0,0
BRDA:123,4,1,0
BRDA:127,5,0,0
BRDA:127,5,1,0
BRDA:146,6,0,1
BRDA:146,6,1,1
BRDA:173,7,0,1
BRDA:173,7,1,14
BRDA:173,8,0,15
BRDA:173,8,1,14
BRDA:173,8,2,14
BRDA:173,8,3,14
BRDA:173,8,4,14
BRDA:173,8,5,14
BRDA:206,9,0,1
BRDA:206,9,1,1
BRDA:248,10,0,0
BRDA:248,10,1,0
BRDA:277,11,0,1
BRDA:277,11,1,2
BRDA:305,12,0,1
BRDA:305,12,1,7
BRDA:328,13,0,1
BRDA:328,13,1,1
BRDA:356,14,0,1
BRDA:356,14,1,4
BRDA:361,15,0,1
BRDA:361,15,1,3
BRDA:374,16,0,0
BRDA:374,16,1,0
BRDA:397,17,0,1
BRDA:397,17,1,1
BRDA:421,18,0,1
BRDA:421,18,1,1
BRDA:421,19,0,2
BRDA:421,19,1,1
BRDA:463,20,0,0
BRDA:463,20,1,4
BRDA:489,21,0,0
BRDA:489,21,1,0
BRDA:497,22,0,0
BRDA:497,22,1,0
BRDA:503,23,0,0
BRDA:503,23,1,0
BRF:55
BRH:35
end_of_record
TN:
SF:src\backend\start.js
FN:3,(anonymous_0)
FNF:1
FNH:0
FNDA:0,(anonymous_0)
DA:3,0
DA:4,0
LF:2
LH:0
BRF:0
BRH:0
end_of_record
