TN:
SF:src/backend/db.js
FNF:0
FNH:0
DA:3,2
DA:5,2
LF:2
LH:2
BRF:0
BRH:0
end_of_record
TN:
SF:src/backend/server.js
FN:28,handleError
FN:34,withTransaction
FN:50,queryOne
FN:61,queryMany
FN:71,mutateOne
FN:82,withClient
FN:97,getZipCode
FN:114,safeExt
FN:121,(anonymous_8)
FN:145,(anonymous_9)
FN:152,(anonymous_10)
FN:157,(anonymous_11)
FN:165,(anonymous_12)
FN:167,(anonymous_13)
FN:176,createUser
FN:185,(anonymous_15)
FN:203,(anonymous_16)
FN:216,(anonymous_17)
FN:222,(anonymous_18)
FN:237,(anonymous_19)
FN:241,(anonymous_20)
FN:252,(anonymous_21)
FN:264,(anonymous_22)
FN:275,(anonymous_23)
FN:288,(anonymous_24)
FN:315,(anonymous_25)
FN:326,(anonymous_26)
FN:341,(anonymous_27)
FN:344,(anonymous_28)
FN:359,(anonymous_29)
FN:363,(anonymous_30)
FN:374,(anonymous_31)
FN:385,(anonymous_32)
FN:396,(anonymous_33)
FN:411,(anonymous_34)
FN:424,(anonymous_35)
FN:434,(anonymous_36)
FN:459,(anonymous_37)
FN:482,(anonymous_38)
FN:490,(anonymous_39)
FN:496,(anonymous_40)
FN:510,(anonymous_41)
FN:521,(anonymous_42)
FN:531,(anonymous_43)
FN:544,(anonymous_44)
FN:570,(anonymous_45)
FN:584,(anonymous_46)
FN:607,(anonymous_47)
FN:622,(anonymous_48)
FN:626,(anonymous_49)
FN:643,(anonymous_50)
FN:647,(anonymous_51)
FN:653,(anonymous_52)
FN:673,(anonymous_53)
FN:681,(anonymous_54)
FN:694,(anonymous_55)
FN:706,(anonymous_56)
FN:707,(anonymous_57)
FN:720,(anonymous_58)
FN:721,(anonymous_59)
FN:734,(anonymous_60)
FN:747,(anonymous_61)
FN:762,(anonymous_62)
FN:804,(anonymous_63)
FN:812,(anonymous_64)
FN:825,(anonymous_65)
FN:826,(anonymous_66)
FN:843,(anonymous_67)
FN:852,(anonymous_68)
FN:858,(anonymous_69)
FN:859,(anonymous_70)
FN:864,(anonymous_71)
FN:878,(anonymous_72)
FN:882,(anonymous_73)
FN:883,(anonymous_74)
FN:895,(anonymous_75)
FN:912,(anonymous_76)
FN:938,(anonymous_77)
FN:939,(anonymous_78)
FNF:79
FNH:77
FNDA:66,handleError
FNDA:44,withTransaction
FNDA:9,queryOne
FNDA:39,queryMany
FNDA:29,mutateOne
FNDA:9,withClient
FNDA:8,getZipCode
FNDA:6,safeExt
FNDA:1,(anonymous_8)
FNDA:1,(anonymous_9)
FNDA:3,(anonymous_10)
FNDA:3,(anonymous_11)
FNDA:2,(anonymous_12)
FNDA:3,(anonymous_13)
FNDA:42,createUser
FNDA:5,(anonymous_15)
FNDA:7,(anonymous_16)
FNDA:20,(anonymous_17)
FNDA:17,(anonymous_18)
FNDA:4,(anonymous_19)
FNDA:2,(anonymous_20)
FNDA:2,(anonymous_21)
FNDA:3,(anonymous_22)
FNDA:2,(anonymous_23)
FNDA:2,(anonymous_24)
FNDA:3,(anonymous_25)
FNDA:2,(anonymous_26)
FNDA:26,(anonymous_27)
FNDA:25,(anonymous_28)
FNDA:4,(anonymous_29)
FNDA:3,(anonymous_30)
FNDA:3,(anonymous_31)
FNDA:3,(anonymous_32)
FNDA:4,(anonymous_33)
FNDA:2,(anonymous_34)
FNDA:3,(anonymous_35)
FNDA:2,(anonymous_36)
FNDA:9,(anonymous_37)
FNDA:6,(anonymous_38)
FNDA:4,(anonymous_39)
FNDA:4,(anonymous_40)
FNDA:3,(anonymous_41)
FNDA:5,(anonymous_42)
FNDA:0,(anonymous_43)
FNDA:0,(anonymous_44)
FNDA:2,(anonymous_45)
FNDA:24,(anonymous_46)
FNDA:7,(anonymous_47)
FNDA:3,(anonymous_48)
FNDA:4,(anonymous_49)
FNDA:13,(anonymous_50)
FNDA:5,(anonymous_51)
FNDA:12,(anonymous_52)
FNDA:5,(anonymous_53)
FNDA:2,(anonymous_54)
FNDA:8,(anonymous_55)
FNDA:2,(anonymous_56)
FNDA:2,(anonymous_57)
FNDA:2,(anonymous_58)
FNDA:2,(anonymous_59)
FNDA:2,(anonymous_60)
FNDA:3,(anonymous_61)
FNDA:5,(anonymous_62)
FNDA:3,(anonymous_63)
FNDA:2,(anonymous_64)
FNDA:3,(anonymous_65)
FNDA:3,(anonymous_66)
FNDA:2,(anonymous_67)
FNDA:2,(anonymous_68)
FNDA:4,(anonymous_69)
FNDA:4,(anonymous_70)
FNDA:2,(anonymous_71)
FNDA:5,(anonymous_72)
FNDA:2,(anonymous_73)
FNDA:2,(anonymous_74)
FNDA:5,(anonymous_75)
FNDA:3,(anonymous_76)
FNDA:1,(anonymous_77)
FNDA:1,(anonymous_78)
DA:13,3
DA:15,3
DA:16,3
DA:17,3
DA:19,3
DA:20,3
DA:22,3
DA:23,3
DA:24,3
DA:29,66
DA:30,66
DA:31,66
DA:35,44
DA:36,44
DA:37,44
DA:38,42
DA:39,37
DA:40,37
DA:42,7
DA:43,7
DA:45,44
DA:51,9
DA:52,9
DA:53,5
DA:54,3
DA:56,4
DA:62,39
DA:63,39
DA:64,22
DA:66,17
DA:72,29
DA:73,29
DA:74,24
DA:75,16
DA:77,5
DA:83,9
DA:84,9
DA:85,9
DA:86,5
DA:88,4
DA:90,9
DA:95,3
DA:98,8
DA:99,8
DA:100,8
DA:101,6
DA:102,4
DA:103,2
DA:105,2
DA:111,3
DA:112,3
DA:115,6
DA:116,6
DA:119,3
DA:122,1
DA:124,1
DA:125,0
DA:129,1
DA:130,1
DA:132,1
DA:133,1
DA:135,1
DA:136,1
DA:138,1
DA:139,0
DA:142,1
DA:143,1
DA:145,1
DA:150,3
DA:153,3
DA:154,3
DA:155,3
DA:157,3
DA:162,3
DA:165,2
DA:168,3
DA:169,1
DA:177,42
DA:178,42
DA:182,38
DA:185,3
DA:186,5
DA:187,5
DA:188,5
DA:192,4
DA:193,3
DA:195,1
DA:196,1
DA:197,1
DA:199,1
DA:203,3
DA:204,7
DA:205,7
DA:206,7
DA:207,5
DA:208,3
DA:210,2
DA:216,3
DA:217,20
DA:218,20
DA:219,2
DA:221,18
DA:222,18
DA:223,17
DA:224,15
DA:228,15
DA:230,15
DA:232,3
DA:233,1
DA:237,3
DA:238,4
DA:241,3
DA:242,2
DA:252,3
DA:253,2
DA:264,3
DA:265,3
DA:275,3
DA:276,2
DA:277,2
DA:278,2
DA:282,1
DA:284,1
DA:288,3
DA:289,2
DA:315,3
DA:316,3
DA:326,3
DA:327,2
DA:328,2
DA:329,2
DA:333,1
DA:335,1
DA:341,3
DA:342,26
DA:343,26
DA:344,26
DA:345,25
DA:346,23
DA:350,22
DA:352,22
DA:354,4
DA:355,2
DA:359,3
DA:360,4
DA:363,3
DA:364,3
DA:365,3
DA:366,3
DA:367,1
DA:368,1
DA:370,2
DA:374,3
DA:375,3
DA:376,3
DA:377,3
DA:378,2
DA:379,1
DA:381,1
DA:385,3
DA:386,3
DA:387,3
DA:388,3
DA:389,2
DA:390,1
DA:392,1
DA:396,3
DA:397,4
DA:398,4
DA:399,4
DA:400,3
DA:404,2
DA:405,1
DA:407,1
DA:411,3
DA:412,2
DA:413,2
DA:414,2
DA:418,1
DA:420,1
DA:424,3
DA:425,3
DA:426,3
DA:427,2
DA:428,1
DA:430,1
DA:434,3
DA:435,2
DA:459,3
DA:460,9
DA:461,9
DA:462,9
DA:471,9
DA:472,9
DA:473,9
DA:474,9
DA:475,7
DA:477,2
DA:482,3
DA:483,6
DA:490,3
DA:491,4
DA:496,3
DA:497,4
DA:498,4
DA:499,4
DA:500,2
DA:501,1
DA:503,2
DA:504,1
DA:506,2
DA:510,3
DA:511,3
DA:512,3
DA:513,3
DA:514,2
DA:515,1
DA:517,1
DA:521,3
DA:522,5
DA:523,5
DA:524,5
DA:525,2
DA:527,3
DA:531,3
DA:532,0
DA:533,0
DA:537,0
DA:538,0
DA:540,0
DA:544,3
DA:545,0
DA:547,0
DA:548,0
DA:550,0
DA:553,0
DA:556,0
DA:557,0
DA:558,0
DA:559,0
DA:560,0
DA:564,0
DA:566,0
DA:570,3
DA:571,2
DA:572,2
DA:573,2
DA:574,2
DA:575,2
DA:576,2
DA:578,1
DA:584,3
DA:585,24
DA:586,24
DA:587,2
DA:589,22
DA:590,1
DA:592,21
DA:593,21
DA:594,21
DA:599,20
DA:601,1
DA:603,21
DA:607,3
DA:608,7
DA:609,7
DA:610,7
DA:615,4
DA:616,2
DA:618,3
DA:622,3
DA:623,3
DA:626,3
DA:627,4
DA:643,3
DA:644,13
DA:647,3
DA:648,5
DA:653,3
DA:654,12
DA:655,12
DA:656,12
DA:657,12
DA:658,11
DA:659,9
DA:660,2
DA:662,7
DA:666,5
DA:668,3
DA:669,1
DA:673,3
DA:674,5
DA:681,3
DA:682,2
DA:694,3
DA:695,8
DA:696,8
DA:700,6
DA:702,2
DA:706,3
DA:707,2
DA:708,2
DA:709,2
DA:720,3
DA:721,2
DA:722,2
DA:723,2
DA:724,1
DA:725,2
DA:726,2
DA:734,3
DA:735,2
DA:747,3
DA:748,3
DA:749,3
DA:756,2
DA:758,1
DA:762,3
DA:763,5
DA:764,5
DA:765,5
DA:766,5
DA:768,5
DA:769,0
DA:772,5
DA:781,4
DA:782,1
DA:785,3
DA:786,3
DA:787,1
DA:790,2
DA:794,1
DA:796,2
DA:797,1
DA:798,1
DA:800,5
DA:804,3
DA:805,3
DA:812,3
DA:813,2
DA:825,3
DA:826,3
DA:827,3
DA:828,3
DA:829,2
DA:830,2
DA:833,2
DA:834,0
DA:843,3
DA:844,2
DA:852,3
DA:853,2
DA:858,3
DA:859,4
DA:860,4
DA:861,3
DA:862,2
DA:865,2
DA:866,2
DA:867,2
DA:868,2
DA:872,1
DA:874,1
DA:878,3
DA:879,5
DA:882,3
DA:883,2
DA:884,2
DA:885,2
DA:886,1
DA:887,2
DA:895,3
DA:896,5
DA:907,3
DA:912,3
DA:913,3
DA:914,3
DA:916,3
DA:917,1
DA:921,2
DA:922,2
DA:924,2
DA:925,2
DA:928,2
DA:929,2
DA:930,2
DA:931,0
DA:934,2
DA:935,1
DA:938,1
DA:939,1
DA:941,1
DA:943,0
DA:944,0
LF:394
LH:370
BRDA:30,0,0,0
BRDA:30,0,1,66
BRDA:50,1,0,9
BRDA:53,2,0,2
BRDA:53,2,1,3
BRDA:61,3,0,39
BRDA:71,4,0,29
BRDA:74,5,0,8
BRDA:74,5,1,16
BRDA:98,6,0,0
BRDA:98,6,1,8
BRDA:100,7,0,2
BRDA:100,7,1,6
BRDA:102,8,0,2
BRDA:102,8,1,2
BRDA:103,9,0,2
BRDA:103,9,1,0
BRDA:116,10,0,6
BRDA:116,10,1,0
BRDA:124,11,0,0
BRDA:124,11,1,1
BRDA:130,12,0,0
BRDA:130,12,1,1
BRDA:133,13,0,0
BRDA:133,13,1,1
BRDA:138,14,0,0
BRDA:138,14,1,1
BRDA:168,15,0,2
BRDA:168,15,1,1
BRDA:192,16,0,3
BRDA:192,16,1,1
BRDA:192,17,0,4
BRDA:192,17,1,2
BRDA:206,18,0,2
BRDA:206,18,1,5
BRDA:218,19,0,2
BRDA:218,19,1,18
BRDA:218,20,0,20
BRDA:218,20,1,19
BRDA:218,20,2,18
BRDA:218,20,3,18
BRDA:218,20,4,18
BRDA:232,21,0,2
BRDA:232,21,1,1
BRDA:354,22,0,2
BRDA:354,22,1,2
BRDA:367,23,0,0
BRDA:367,23,1,1
BRDA:378,24,0,1
BRDA:378,24,1,1
BRDA:389,25,0,1
BRDA:389,25,1,1
BRDA:390,26,0,1
BRDA:390,26,1,0
BRDA:399,27,0,1
BRDA:399,27,1,3
BRDA:404,28,0,1
BRDA:404,28,1,1
BRDA:427,29,0,1
BRDA:427,29,1,1
BRDA:472,30,0,2
BRDA:472,30,1,7
BRDA:500,31,0,1
BRDA:500,31,1,1
BRDA:503,32,0,1
BRDA:503,32,1,1
BRDA:514,33,0,1
BRDA:514,33,1,1
BRDA:537,34,0,0
BRDA:537,34,1,0
BRDA:538,35,0,0
BRDA:538,35,1,0
BRDA:548,36,0,0
BRDA:548,36,1,0
BRDA:556,37,0,0
BRDA:556,37,1,0
BRDA:558,38,0,0
BRDA:558,38,1,0
BRDA:560,39,0,0
BRDA:560,39,1,0
BRDA:586,40,0,2
BRDA:586,40,1,22
BRDA:586,41,0,24
BRDA:586,41,1,22
BRDA:586,41,2,22
BRDA:586,41,3,22
BRDA:586,41,4,22
BRDA:586,41,5,22
BRDA:589,42,0,1
BRDA:589,42,1,21
BRDA:597,43,0,21
BRDA:597,43,1,20
BRDA:597,44,0,24
BRDA:597,44,1,21
BRDA:613,45,0,7
BRDA:613,45,1,6
BRDA:615,46,0,2
BRDA:615,46,1,2
BRDA:658,47,0,2
BRDA:658,47,1,9
BRDA:659,48,0,2
BRDA:659,48,1,7
BRDA:668,49,0,2
BRDA:668,49,1,1
BRDA:725,50,0,0
BRDA:725,50,1,2
BRDA:728,51,0,2
BRDA:728,51,1,0
BRDA:756,52,0,2
BRDA:756,52,1,1
BRDA:768,53,0,0
BRDA:768,53,1,5
BRDA:768,54,0,5
BRDA:768,54,1,5
BRDA:781,55,0,1
BRDA:781,55,1,3
BRDA:781,56,0,4
BRDA:781,56,1,4
BRDA:786,57,0,1
BRDA:786,57,1,2
BRDA:796,58,0,1
BRDA:796,58,1,1
BRDA:797,59,0,0
BRDA:797,59,1,1
BRDA:833,60,0,0
BRDA:833,60,1,2
BRDA:860,61,0,1
BRDA:860,61,1,3
BRDA:861,62,0,1
BRDA:861,62,1,2
BRDA:916,63,0,1
BRDA:916,63,1,2
BRDA:922,64,0,0
BRDA:922,64,1,2
BRDA:925,65,0,0
BRDA:925,65,1,2
BRDA:930,66,0,0
BRDA:930,66,1,2
BRDA:934,67,0,1
BRDA:934,67,1,1
BRF:140
BRH:110
end_of_record
TN:
SF:src/backend/start.js
FN:3,(anonymous_0)
FNF:1
FNH:1
FNDA:1,(anonymous_0)
DA:3,1
DA:4,1
LF:2
LH:2
BRF:0
BRH:0
end_of_record
